<?xml version="1.0" encoding="UTF-8"?>
<testsuite name="com.fs.book.springboot.web.IndexControllerTest" tests="1" skipped="0" failures="0" errors="0" timestamp="2022-09-19T09:10:12" hostname="DESKTOP-FF88LJ9" time="0.399">
  <properties/>
  <testcase name="메인페이지_로딩" classname="com.fs.book.springboot.web.IndexControllerTest" time="0.399"/>
  <system-out><![CDATA[18:10:06.564 [Test worker] DEBUG org.springframework.test.context.junit4.SpringJUnit4ClassRunner - SpringJUnit4ClassRunner constructor called with [class com.fs.book.springboot.web.IndexControllerTest]
18:10:06.580 [Test worker] DEBUG org.springframework.test.context.BootstrapUtils - Instantiating CacheAwareContextLoaderDelegate from class [org.springframework.test.context.cache.DefaultCacheAwareContextLoaderDelegate]
18:10:06.586 [Test worker] DEBUG org.springframework.test.context.BootstrapUtils - Instantiating BootstrapContext using constructor [public org.springframework.test.context.support.DefaultBootstrapContext(java.lang.Class,org.springframework.test.context.CacheAwareContextLoaderDelegate)]
18:10:06.602 [Test worker] DEBUG org.springframework.test.context.BootstrapUtils - Instantiating TestContextBootstrapper for test class [com.fs.book.springboot.web.IndexControllerTest] from class [org.springframework.boot.test.context.SpringBootTestContextBootstrapper]
18:10:06.602 [Test worker] INFO org.springframework.boot.test.context.SpringBootTestContextBootstrapper - Neither @ContextConfiguration nor @ContextHierarchy found for test class [com.fs.book.springboot.web.IndexControllerTest], using SpringBootContextLoader
18:10:06.618 [Test worker] DEBUG org.springframework.test.context.support.AbstractContextLoader - Did not detect default resource location for test class [com.fs.book.springboot.web.IndexControllerTest]: class path resource [com/fs/book/springboot/web/IndexControllerTest-context.xml] does not exist
18:10:06.618 [Test worker] DEBUG org.springframework.test.context.support.AbstractContextLoader - Did not detect default resource location for test class [com.fs.book.springboot.web.IndexControllerTest]: class path resource [com/fs/book/springboot/web/IndexControllerTestContext.groovy] does not exist
18:10:06.618 [Test worker] INFO org.springframework.test.context.support.AbstractContextLoader - Could not detect default resource locations for test class [com.fs.book.springboot.web.IndexControllerTest]: no resource found for suffixes {-context.xml, Context.groovy}.
18:10:06.618 [Test worker] INFO org.springframework.test.context.support.AnnotationConfigContextLoaderUtils - Could not detect default configuration classes for test class [com.fs.book.springboot.web.IndexControllerTest]: IndexControllerTest does not declare any static, non-private, non-final, nested classes annotated with @Configuration.
18:10:06.649 [Test worker] DEBUG org.springframework.test.context.support.ActiveProfilesUtils - Could not find an 'annotation declaring class' for annotation type [org.springframework.test.context.ActiveProfiles] and class [com.fs.book.springboot.web.IndexControllerTest]
18:10:06.734 [Test worker] DEBUG org.springframework.context.annotation.ClassPathScanningCandidateComponentProvider - Identified candidate component class: file [C:\ProjectSpring\springboot-webservice\build\classes\java\main\com\fs\book\springboot\Application.class]
18:10:06.734 [Test worker] INFO org.springframework.boot.test.context.SpringBootTestContextBootstrapper - Found @SpringBootConfiguration com.fs.book.springboot.Application for test class com.fs.book.springboot.web.IndexControllerTest
18:10:06.834 [Test worker] DEBUG org.springframework.boot.test.context.SpringBootTestContextBootstrapper - @TestExecutionListeners is not present for class [com.fs.book.springboot.web.IndexControllerTest]: using defaults.
18:10:06.850 [Test worker] INFO org.springframework.boot.test.context.SpringBootTestContextBootstrapper - Loaded default TestExecutionListener class names from location [META-INF/spring.factories]: [org.springframework.security.test.context.support.WithSecurityContextTestExecutionListener, org.springframework.security.test.context.support.ReactorContextTestExecutionListener, org.springframework.boot.test.autoconfigure.restdocs.RestDocsTestExecutionListener, org.springframework.boot.test.autoconfigure.web.client.MockRestServiceServerResetTestExecutionListener, org.springframework.boot.test.autoconfigure.web.servlet.MockMvcPrintOnlyOnFailureTestExecutionListener, org.springframework.boot.test.autoconfigure.web.servlet.WebDriverTestExecutionListener, org.springframework.boot.test.mock.mockito.MockitoTestExecutionListener, org.springframework.boot.test.mock.mockito.ResetMocksTestExecutionListener, org.springframework.test.context.web.ServletTestExecutionListener, org.springframework.test.context.support.DirtiesContextBeforeModesTestExecutionListener, org.springframework.test.context.support.DependencyInjectionTestExecutionListener, org.springframework.test.context.support.DirtiesContextTestExecutionListener, org.springframework.test.context.transaction.TransactionalTestExecutionListener, org.springframework.test.context.jdbc.SqlScriptsTestExecutionListener]
18:10:06.865 [Test worker] INFO org.springframework.boot.test.context.SpringBootTestContextBootstrapper - Using TestExecutionListeners: [org.springframework.test.context.web.ServletTestExecutionListener@363042d7, org.springframework.test.context.support.DirtiesContextBeforeModesTestExecutionListener@366ac49b, org.springframework.boot.test.mock.mockito.MockitoTestExecutionListener@6ad59d92, org.springframework.boot.test.autoconfigure.SpringBootDependencyInjectionTestExecutionListener@56f0cc85, org.springframework.test.context.support.DirtiesContextTestExecutionListener@62e20a76, org.springframework.test.context.transaction.TransactionalTestExecutionListener@2cc44ad, org.springframework.test.context.jdbc.SqlScriptsTestExecutionListener@44b3606b, org.springframework.security.test.context.support.WithSecurityContextTestExecutionListener@1477089c, org.springframework.security.test.context.support.ReactorContextTestExecutionListener@663411de, org.springframework.boot.test.autoconfigure.restdocs.RestDocsTestExecutionListener@63dd899, org.springframework.boot.test.autoconfigure.web.client.MockRestServiceServerResetTestExecutionListener@59d2400d, org.springframework.boot.test.autoconfigure.web.servlet.MockMvcPrintOnlyOnFailureTestExecutionListener@75cd8043, org.springframework.boot.test.autoconfigure.web.servlet.WebDriverTestExecutionListener@33b1c5c5, org.springframework.boot.test.mock.mockito.ResetMocksTestExecutionListener@5b202a3a]
18:10:06.865 [Test worker] DEBUG org.springframework.test.annotation.ProfileValueUtils - Retrieved @ProfileValueSourceConfiguration [null] for test class [com.fs.book.springboot.web.IndexControllerTest]
18:10:06.865 [Test worker] DEBUG org.springframework.test.annotation.ProfileValueUtils - Retrieved ProfileValueSource type [class org.springframework.test.annotation.SystemProfileValueSource] for class [com.fs.book.springboot.web.IndexControllerTest]
18:10:06.865 [Test worker] DEBUG org.springframework.test.annotation.ProfileValueUtils - Retrieved @ProfileValueSourceConfiguration [null] for test class [com.fs.book.springboot.web.IndexControllerTest]
18:10:06.865 [Test worker] DEBUG org.springframework.test.annotation.ProfileValueUtils - Retrieved ProfileValueSource type [class org.springframework.test.annotation.SystemProfileValueSource] for class [com.fs.book.springboot.web.IndexControllerTest]
18:10:06.865 [Test worker] DEBUG org.springframework.test.context.support.AbstractDirtiesContextTestExecutionListener - Before test class: context [DefaultTestContext@6c45ee6e testClass = IndexControllerTest, testInstance = [null], testMethod = [null], testException = [null], mergedContextConfiguration = [WebMergedContextConfiguration@6b3e12b5 testClass = IndexControllerTest, locations = '{}', classes = '{class com.fs.book.springboot.Application}', contextInitializerClasses = '[]', activeProfiles = '{}', propertySourceLocations = '{}', propertySourceProperties = '{org.springframework.boot.test.context.SpringBootTestContextBootstrapper=true, server.port=0}', contextCustomizers = set[org.springframework.boot.test.autoconfigure.properties.PropertyMappingContextCustomizer@0, org.springframework.boot.test.autoconfigure.web.servlet.WebDriverContextCustomizerFactory$Customizer@1b1cfb87, org.springframework.boot.test.context.filter.ExcludeFilterContextCustomizer@7857fe2, org.springframework.boot.test.json.DuplicateJsonObjectContextCustomizerFactory$DuplicateJsonObjectContextCustomizer@29d80d2b, org.springframework.boot.test.mock.mockito.MockitoContextCustomizer@0, org.springframework.boot.test.web.client.TestRestTemplateContextCustomizer@169bb4dd], resourceBasePath = 'src/main/webapp', contextLoader = 'org.springframework.boot.test.context.SpringBootContextLoader', parent = [null]], attributes = map['org.springframework.test.context.web.ServletTestExecutionListener.activateListener' -> false]], class annotated with @DirtiesContext [false] with mode [null].
18:10:06.881 [Test worker] DEBUG org.springframework.test.annotation.ProfileValueUtils - Retrieved @ProfileValueSourceConfiguration [null] for test class [com.fs.book.springboot.web.IndexControllerTest]
18:10:06.881 [Test worker] DEBUG org.springframework.test.annotation.ProfileValueUtils - Retrieved ProfileValueSource type [class org.springframework.test.annotation.SystemProfileValueSource] for class [com.fs.book.springboot.web.IndexControllerTest]
18:10:06.881 [Test worker] DEBUG org.springframework.test.context.support.DependencyInjectionTestExecutionListener - Performing dependency injection for test context [[DefaultTestContext@6c45ee6e testClass = IndexControllerTest, testInstance = com.fs.book.springboot.web.IndexControllerTest@24d09c1, testMethod = [null], testException = [null], mergedContextConfiguration = [WebMergedContextConfiguration@6b3e12b5 testClass = IndexControllerTest, locations = '{}', classes = '{class com.fs.book.springboot.Application}', contextInitializerClasses = '[]', activeProfiles = '{}', propertySourceLocations = '{}', propertySourceProperties = '{org.springframework.boot.test.context.SpringBootTestContextBootstrapper=true, server.port=0}', contextCustomizers = set[org.springframework.boot.test.autoconfigure.properties.PropertyMappingContextCustomizer@0, org.springframework.boot.test.autoconfigure.web.servlet.WebDriverContextCustomizerFactory$Customizer@1b1cfb87, org.springframework.boot.test.context.filter.ExcludeFilterContextCustomizer@7857fe2, org.springframework.boot.test.json.DuplicateJsonObjectContextCustomizerFactory$DuplicateJsonObjectContextCustomizer@29d80d2b, org.springframework.boot.test.mock.mockito.MockitoContextCustomizer@0, org.springframework.boot.test.web.client.TestRestTemplateContextCustomizer@169bb4dd], resourceBasePath = 'src/main/webapp', contextLoader = 'org.springframework.boot.test.context.SpringBootContextLoader', parent = [null]], attributes = map['org.springframework.test.context.web.ServletTestExecutionListener.activateListener' -> false]]].
18:10:06.903 [Test worker] DEBUG org.springframework.test.context.support.TestPropertySourceUtils - Adding inlined properties to environment: {spring.jmx.enabled=false, org.springframework.boot.test.context.SpringBootTestContextBootstrapper=true, server.port=0}

  .   ____          _            __ _ _
 /\\ / ___'_ __ _ _(_)_ __  __ _ \ \ \ \
( ( )\___ | '_ | '_| | '_ \/ _` | \ \ \ \
 \\/  ___)| |_)| | | | | || (_| |  ) ) ) )
  '  |____| .__|_| |_|_| |_\__, | / / / /
 =========|_|==============|___/=/_/_/_/
 :: Spring Boot ::        (v2.1.7.RELEASE)

2022-09-19 18:10:07.120  INFO 14200 --- [    Test worker] c.f.b.s.web.IndexControllerTest          : Starting IndexControllerTest on DESKTOP-FF88LJ9 with PID 14200 (started by ksh in C:\ProjectSpring\springboot-webservice)
2022-09-19 18:10:07.120  INFO 14200 --- [    Test worker] c.f.b.s.web.IndexControllerTest          : No active profile set, falling back to default profiles: default
2022-09-19 18:10:07.936  INFO 14200 --- [    Test worker] .s.d.r.c.RepositoryConfigurationDelegate : Bootstrapping Spring Data repositories in DEFAULT mode.
2022-09-19 18:10:08.052  INFO 14200 --- [    Test worker] .s.d.r.c.RepositoryConfigurationDelegate : Finished Spring Data repository scanning in 100ms. Found 2 repository interfaces.
2022-09-19 18:10:08.591  INFO 14200 --- [    Test worker] trationDelegate$BeanPostProcessorChecker : Bean 'org.springframework.transaction.annotation.ProxyTransactionManagementConfiguration' of type [org.springframework.transaction.annotation.ProxyTransactionManagementConfiguration$$EnhancerBySpringCGLIB$$79bc034f] is not eligible for getting processed by all BeanPostProcessors (for example: not eligible for auto-proxying)
2022-09-19 18:10:08.954  INFO 14200 --- [    Test worker] o.s.b.w.embedded.tomcat.TomcatWebServer  : Tomcat initialized with port(s): 0 (http)
2022-09-19 18:10:08.992  INFO 14200 --- [    Test worker] o.apache.catalina.core.StandardService   : Starting service [Tomcat]
2022-09-19 18:10:08.992  INFO 14200 --- [    Test worker] org.apache.catalina.core.StandardEngine  : Starting Servlet engine: [Apache Tomcat/9.0.22]
2022-09-19 18:10:09.170  INFO 14200 --- [    Test worker] o.a.c.c.C.[Tomcat].[localhost].[/]       : Initializing Spring embedded WebApplicationContext
2022-09-19 18:10:09.170  INFO 14200 --- [    Test worker] o.s.web.context.ContextLoader            : Root WebApplicationContext: initialization completed in 2034 ms
2022-09-19 18:10:09.455  INFO 14200 --- [    Test worker] com.zaxxer.hikari.HikariDataSource       : HikariPool-1 - Starting...
2022-09-19 18:10:09.640  INFO 14200 --- [    Test worker] com.zaxxer.hikari.HikariDataSource       : HikariPool-1 - Start completed.
2022-09-19 18:10:09.740  INFO 14200 --- [    Test worker] o.hibernate.jpa.internal.util.LogHelper  : HHH000204: Processing PersistenceUnitInfo [
	name: default
	...]
2022-09-19 18:10:09.825  INFO 14200 --- [    Test worker] org.hibernate.Version                    : HHH000412: Hibernate Core {5.3.10.Final}
2022-09-19 18:10:09.825  INFO 14200 --- [    Test worker] org.hibernate.cfg.Environment            : HHH000206: hibernate.properties not found
2022-09-19 18:10:10.010  INFO 14200 --- [    Test worker] o.hibernate.annotations.common.Version   : HCANN000001: Hibernate Commons Annotations {5.0.4.Final}
2022-09-19 18:10:10.173  INFO 14200 --- [    Test worker] org.hibernate.dialect.Dialect            : HHH000400: Using dialect: org.hibernate.dialect.MySQL5InnoDBDialect
Hibernate: drop table if exists posts
Hibernate: drop table if exists user
Hibernate: create table posts (id bigint not null auto_increment, created_date datetime, modified_date datetime, author varchar(255), content TEXT not null, title varchar(500) not null, primary key (id)) engine=InnoDB
Hibernate: create table user (id bigint not null auto_increment, created_date datetime, modified_date datetime, email varchar(255) not null, name varchar(255) not null, picture varchar(255), role varchar(255) not null, primary key (id)) engine=InnoDB
2022-09-19 18:10:10.796  INFO 14200 --- [    Test worker] o.h.t.schema.internal.SchemaCreatorImpl  : HHH000476: Executing import script 'org.hibernate.tool.schema.internal.exec.ScriptSourceInputNonExistentImpl@7efa366'
2022-09-19 18:10:10.812  INFO 14200 --- [    Test worker] j.LocalContainerEntityManagerFactoryBean : Initialized JPA EntityManagerFactory for persistence unit 'default'
2022-09-19 18:10:11.545  INFO 14200 --- [    Test worker] o.h.h.i.QueryTranslatorFactoryInitiator  : HHH000397: Using ASTQueryTranslatorFactory
2022-09-19 18:10:11.961  INFO 14200 --- [    Test worker] o.s.s.web.DefaultSecurityFilterChain     : Creating filter chain: any request, [org.springframework.security.web.context.request.async.WebAsyncManagerIntegrationFilter@49741e80, org.springframework.security.web.context.SecurityContextPersistenceFilter@81cd90e, org.springframework.security.web.header.HeaderWriterFilter@71c74011, org.springframework.security.web.authentication.logout.LogoutFilter@6329a5b9, org.springframework.security.oauth2.client.web.OAuth2AuthorizationRequestRedirectFilter@4d7fba20, org.springframework.security.oauth2.client.web.OAuth2LoginAuthenticationFilter@36696821, org.springframework.security.web.authentication.ui.DefaultLoginPageGeneratingFilter@6705fb02, org.springframework.security.web.authentication.ui.DefaultLogoutPageGeneratingFilter@414d466e, org.springframework.security.web.savedrequest.RequestCacheAwareFilter@69c6e5, org.springframework.security.web.servletapi.SecurityContextHolderAwareRequestFilter@42ea14b8, org.springframework.security.web.authentication.AnonymousAuthenticationFilter@39acf187, org.springframework.security.web.session.SessionManagementFilter@62d21afd, org.springframework.security.web.access.ExceptionTranslationFilter@53a3fc8b, org.springframework.security.web.access.intercept.FilterSecurityInterceptor@61c0fb12]
2022-09-19 18:10:12.315  INFO 14200 --- [    Test worker] o.s.s.concurrent.ThreadPoolTaskExecutor  : Initializing ExecutorService 'applicationTaskExecutor'
2022-09-19 18:10:12.362  WARN 14200 --- [    Test worker] aWebConfiguration$JpaWebMvcConfiguration : spring.jpa.open-in-view is enabled by default. Therefore, database queries may be performed during view rendering. Explicitly configure spring.jpa.open-in-view to disable this warning
2022-09-19 18:10:12.415  INFO 14200 --- [    Test worker] o.s.b.a.w.s.WelcomePageHandlerMapping    : Adding welcome page template: index
2022-09-19 18:10:12.763  INFO 14200 --- [    Test worker] s.a.ScheduledAnnotationBeanPostProcessor : No TaskScheduler/ScheduledExecutorService bean found for scheduled processing
2022-09-19 18:10:12.801  INFO 14200 --- [    Test worker] o.s.b.w.embedded.tomcat.TomcatWebServer  : Tomcat started on port(s): 60839 (http) with context path ''
2022-09-19 18:10:12.801  INFO 14200 --- [    Test worker] c.f.b.s.web.IndexControllerTest          : Started IndexControllerTest in 5.898 seconds (JVM running for 6.81)
2022-09-19 18:10:13.001  INFO 14200 --- [o-auto-1-exec-1] o.a.c.c.C.[Tomcat].[localhost].[/]       : Initializing Spring DispatcherServlet 'dispatcherServlet'
2022-09-19 18:10:13.001  INFO 14200 --- [o-auto-1-exec-1] o.s.web.servlet.DispatcherServlet        : Initializing Servlet 'dispatcherServlet'
2022-09-19 18:10:13.033  INFO 14200 --- [o-auto-1-exec-1] o.s.web.servlet.DispatcherServlet        : Completed initialization in 32 ms
Hibernate: select posts0_.id as id1_0_, posts0_.created_date as created_2_0_, posts0_.modified_date as modified3_0_, posts0_.author as author4_0_, posts0_.content as content5_0_, posts0_.title as title6_0_ from posts posts0_ order by posts0_.id DESC
]]></system-out>
  <system-err><![CDATA[]]></system-err>
</testsuite>
