<?xml version="1.0" encoding="UTF-8"?>
<testsuite name="com.fs.book.springboot.web.HelloControllerTest" tests="2" skipped="0" failures="0" errors="0" timestamp="2022-09-19T09:10:15" hostname="DESKTOP-FF88LJ9" time="0.092">
  <properties/>
  <testcase name="hello가_리턴된다" classname="com.fs.book.springboot.web.HelloControllerTest" time="0.029"/>
  <testcase name="helloDto가_리턴된다" classname="com.fs.book.springboot.web.HelloControllerTest" time="0.063"/>
  <system-out><![CDATA[2022-09-19 18:10:14.683  INFO 14200 --- [    Test worker] .b.t.a.w.s.WebMvcTestContextBootstrapper : Neither @ContextConfiguration nor @ContextHierarchy found for test class [com.fs.book.springboot.web.HelloControllerTest], using SpringBootContextLoader
2022-09-19 18:10:14.683  INFO 14200 --- [    Test worker] o.s.t.c.support.AbstractContextLoader    : Could not detect default resource locations for test class [com.fs.book.springboot.web.HelloControllerTest]: no resource found for suffixes {-context.xml, Context.groovy}.
2022-09-19 18:10:14.683  INFO 14200 --- [    Test worker] t.c.s.AnnotationConfigContextLoaderUtils : Could not detect default configuration classes for test class [com.fs.book.springboot.web.HelloControllerTest]: HelloControllerTest does not declare any static, non-private, non-final, nested classes annotated with @Configuration.
2022-09-19 18:10:14.699  INFO 14200 --- [    Test worker] .b.t.c.SpringBootTestContextBootstrapper : Found @SpringBootConfiguration com.fs.book.springboot.Application for test class com.fs.book.springboot.web.HelloControllerTest
2022-09-19 18:10:14.699  INFO 14200 --- [    Test worker] .b.t.a.w.s.WebMvcTestContextBootstrapper : Loaded default TestExecutionListener class names from location [META-INF/spring.factories]: [org.springframework.security.test.context.support.WithSecurityContextTestExecutionListener, org.springframework.security.test.context.support.ReactorContextTestExecutionListener, org.springframework.boot.test.autoconfigure.restdocs.RestDocsTestExecutionListener, org.springframework.boot.test.autoconfigure.web.client.MockRestServiceServerResetTestExecutionListener, org.springframework.boot.test.autoconfigure.web.servlet.MockMvcPrintOnlyOnFailureTestExecutionListener, org.springframework.boot.test.autoconfigure.web.servlet.WebDriverTestExecutionListener, org.springframework.boot.test.mock.mockito.MockitoTestExecutionListener, org.springframework.boot.test.mock.mockito.ResetMocksTestExecutionListener, org.springframework.test.context.web.ServletTestExecutionListener, org.springframework.test.context.support.DirtiesContextBeforeModesTestExecutionListener, org.springframework.test.context.support.DependencyInjectionTestExecutionListener, org.springframework.test.context.support.DirtiesContextTestExecutionListener, org.springframework.test.context.transaction.TransactionalTestExecutionListener, org.springframework.test.context.jdbc.SqlScriptsTestExecutionListener]
2022-09-19 18:10:14.699  INFO 14200 --- [    Test worker] .b.t.a.w.s.WebMvcTestContextBootstrapper : Using TestExecutionListeners: [org.springframework.test.context.web.ServletTestExecutionListener@72f5fb36, org.springframework.test.context.support.DirtiesContextBeforeModesTestExecutionListener@300b839c, org.springframework.boot.test.mock.mockito.MockitoTestExecutionListener@352288bc, org.springframework.boot.test.autoconfigure.SpringBootDependencyInjectionTestExecutionListener@33acec5e, org.springframework.test.context.support.DirtiesContextTestExecutionListener@6edd8d56, org.springframework.test.context.transaction.TransactionalTestExecutionListener@226f472, org.springframework.test.context.jdbc.SqlScriptsTestExecutionListener@2360ebe2, org.springframework.security.test.context.support.WithSecurityContextTestExecutionListener@77fa2dcc, org.springframework.security.test.context.support.ReactorContextTestExecutionListener@75cfb958, org.springframework.boot.test.autoconfigure.restdocs.RestDocsTestExecutionListener@40ff56f7, org.springframework.boot.test.autoconfigure.web.client.MockRestServiceServerResetTestExecutionListener@64648af1, org.springframework.boot.test.autoconfigure.web.servlet.MockMvcPrintOnlyOnFailureTestExecutionListener@42d65ffc, org.springframework.boot.test.autoconfigure.web.servlet.WebDriverTestExecutionListener@4adb2b87, org.springframework.boot.test.mock.mockito.ResetMocksTestExecutionListener@70a984c5]

  .   ____          _            __ _ _
 /\\ / ___'_ __ _ _(_)_ __  __ _ \ \ \ \
( ( )\___ | '_ | '_| | '_ \/ _` | \ \ \ \
 \\/  ___)| |_)| | | | | || (_| |  ) ) ) )
  '  |____| .__|_| |_|_| |_\__, | / / / /
 =========|_|==============|___/=/_/_/_/
 :: Spring Boot ::        (v2.1.7.RELEASE)

2022-09-19 18:10:14.721  INFO 14200 --- [    Test worker] c.f.b.s.web.HelloControllerTest          : Starting HelloControllerTest on DESKTOP-FF88LJ9 with PID 14200 (started by ksh in C:\ProjectSpring\springboot-webservice)
2022-09-19 18:10:14.721  INFO 14200 --- [    Test worker] c.f.b.s.web.HelloControllerTest          : No active profile set, falling back to default profiles: default
2022-09-19 18:10:15.053  INFO 14200 --- [    Test worker] o.s.s.concurrent.ThreadPoolTaskExecutor  : Initializing ExecutorService 'applicationTaskExecutor'
2022-09-19 18:10:15.069  INFO 14200 --- [    Test worker] o.s.b.a.w.s.WelcomePageHandlerMapping    : Adding welcome page template: index
2022-09-19 18:10:15.223  INFO 14200 --- [    Test worker] .s.s.UserDetailsServiceAutoConfiguration : 

Using generated security password: 762f9125-2051-47a1-8eab-c16043dc251b

2022-09-19 18:10:15.307  INFO 14200 --- [    Test worker] o.s.s.web.DefaultSecurityFilterChain     : Creating filter chain: any request, [org.springframework.security.web.context.request.async.WebAsyncManagerIntegrationFilter@1dcfbad1, org.springframework.security.web.context.SecurityContextPersistenceFilter@5d4a1d2c, org.springframework.security.web.header.HeaderWriterFilter@485dfac9, org.springframework.security.web.csrf.CsrfFilter@3a22c944, org.springframework.security.web.authentication.logout.LogoutFilter@7e147828, org.springframework.security.web.authentication.UsernamePasswordAuthenticationFilter@2e587292, org.springframework.security.web.authentication.ui.DefaultLoginPageGeneratingFilter@e36a4c1, org.springframework.security.web.authentication.ui.DefaultLogoutPageGeneratingFilter@19e5e846, org.springframework.security.web.authentication.www.BasicAuthenticationFilter@36e7b91c, org.springframework.security.web.savedrequest.RequestCacheAwareFilter@63f093a, org.springframework.security.web.servletapi.SecurityContextHolderAwareRequestFilter@21132086, org.springframework.security.web.authentication.AnonymousAuthenticationFilter@12418d3f, org.springframework.security.web.session.SessionManagementFilter@6419726f, org.springframework.security.web.access.ExceptionTranslationFilter@6da6c10e, org.springframework.security.web.access.intercept.FilterSecurityInterceptor@2330c5c5]
2022-09-19 18:10:15.323  INFO 14200 --- [    Test worker] o.s.b.t.m.w.SpringBootMockServletContext : Initializing Spring TestDispatcherServlet ''
2022-09-19 18:10:15.323  INFO 14200 --- [    Test worker] o.s.t.web.servlet.TestDispatcherServlet  : Initializing Servlet ''
2022-09-19 18:10:15.323  INFO 14200 --- [    Test worker] o.s.t.web.servlet.TestDispatcherServlet  : Completed initialization in 0 ms
2022-09-19 18:10:15.354  INFO 14200 --- [    Test worker] c.f.b.s.web.HelloControllerTest          : Started HelloControllerTest in 0.648 seconds (JVM running for 9.358)
]]></system-out>
  <system-err><![CDATA[]]></system-err>
</testsuite>
